[Wed Jun 22 2016 15:52:42 GMT+0800 (China Standard Time)] /
E:\personal\blog\controllers\index.js:6
    }
    ^
SyntaxError: missing ) after argument list
    at exports.runInThisContext (vm.js:53:16)
    at Module._compile (module.js:511:25)
    at Object.Module._extensions..js (module.js:550:10)
    at Module.load (module.js:456:32)
    at tryModuleLoad (module.js:415:12)
    at Function.Module._load (module.js:407:3)
    at Module.require (module.js:466:17)
    at require (internal/module.js:20:19)
    at E:\personal\blog\router\index.js:72:21
    at Layer.handle [as handle_request] (E:\personal\blog\node_modules\express\lib\router\layer.js:95:5)
    at next (E:\personal\blog\node_modules\express\lib\router\route.js:131:13)
    at Route.dispatch (E:\personal\blog\node_modules\express\lib\router\route.js:112:3)
    at Layer.handle [as handle_request] (E:\personal\blog\node_modules\express\lib\router\layer.js:95:5)
    at E:\personal\blog\node_modules\express\lib\router\index.js:277:22
    at param (E:\personal\blog\node_modules\express\lib\router\index.js:349:14)
    at param (E:\personal\blog\node_modules\express\lib\router\index.js:365:14)
[Wed Jun 22 2016 15:54:54 GMT+0800 (China Standard Time)] /
E:\personal\blog\controllers\index.js:6
    }
    ^
SyntaxError: missing ) after argument list
    at exports.runInThisContext (vm.js:53:16)
    at Module._compile (module.js:511:25)
    at Object.Module._extensions..js (module.js:550:10)
    at Module.load (module.js:456:32)
    at tryModuleLoad (module.js:415:12)
    at Function.Module._load (module.js:407:3)
    at Module.require (module.js:466:17)
    at require (internal/module.js:20:19)
    at E:\personal\blog\router\index.js:71:21
    at Layer.handle [as handle_request] (E:\personal\blog\node_modules\express\lib\router\layer.js:95:5)
    at next (E:\personal\blog\node_modules\express\lib\router\route.js:131:13)
    at Route.dispatch (E:\personal\blog\node_modules\express\lib\router\route.js:112:3)
    at Layer.handle [as handle_request] (E:\personal\blog\node_modules\express\lib\router\layer.js:95:5)
    at E:\personal\blog\node_modules\express\lib\router\index.js:277:22
    at param (E:\personal\blog\node_modules\express\lib\router\index.js:349:14)
    at param (E:\personal\blog\node_modules\express\lib\router\index.js:365:14)
[Wed Jun 22 2016 15:56:56 GMT+0800 (China Standard Time)] /
E:\personal\blog\controllers\index.js:6
    }
    ^
SyntaxError: missing ) after argument list
    at exports.runInThisContext (vm.js:53:16)
    at Module._compile (module.js:511:25)
    at Object.Module._extensions..js (module.js:550:10)
    at Module.load (module.js:456:32)
    at tryModuleLoad (module.js:415:12)
    at Function.Module._load (module.js:407:3)
    at Module.require (module.js:466:17)
    at require (internal/module.js:20:19)
    at E:\personal\blog\router\index.js:71:21
    at Layer.handle [as handle_request] (E:\personal\blog\node_modules\express\lib\router\layer.js:95:5)
    at next (E:\personal\blog\node_modules\express\lib\router\route.js:131:13)
    at Route.dispatch (E:\personal\blog\node_modules\express\lib\router\route.js:112:3)
    at Layer.handle [as handle_request] (E:\personal\blog\node_modules\express\lib\router\layer.js:95:5)
    at E:\personal\blog\node_modules\express\lib\router\index.js:277:22
    at param (E:\personal\blog\node_modules\express\lib\router\index.js:349:14)
    at param (E:\personal\blog\node_modules\express\lib\router\index.js:365:14)
[Wed Jun 22 2016 16:39:59 GMT+0800 (China Standard Time)] /logo.png
Error: Cannot find module '../controllers/logo.png'
    at Function.Module._resolveFilename (module.js:438:15)
    at Function.Module._load (module.js:386:25)
    at Module.require (module.js:466:17)
    at require (internal/module.js:20:19)
    at E:\personal\blog\router\index.js:71:21
    at Layer.handle [as handle_request] (E:\personal\blog\node_modules\express\lib\router\layer.js:95:5)
    at next (E:\personal\blog\node_modules\express\lib\router\route.js:131:13)
    at Route.dispatch (E:\personal\blog\node_modules\express\lib\router\route.js:112:3)
    at Layer.handle [as handle_request] (E:\personal\blog\node_modules\express\lib\router\layer.js:95:5)
    at E:\personal\blog\node_modules\express\lib\router\index.js:277:22
    at param (E:\personal\blog\node_modules\express\lib\router\index.js:349:14)
    at param (E:\personal\blog\node_modules\express\lib\router\index.js:365:14)
    at Function.process_params (E:\personal\blog\node_modules\express\lib\router\index.js:410:3)
    at next (E:\personal\blog\node_modules\express\lib\router\index.js:271:10)
    at Function.handle (E:\personal\blog\node_modules\express\lib\router\index.js:176:3)
    at router (E:\personal\blog\node_modules\express\lib\router\index.js:46:12)
[Wed Jun 22 2016 16:40:00 GMT+0800 (China Standard Time)] /logo.png
Error: Cannot find module '../controllers/logo.png'
    at Function.Module._resolveFilename (module.js:438:15)
    at Function.Module._load (module.js:386:25)
    at Module.require (module.js:466:17)
    at require (internal/module.js:20:19)
    at E:\personal\blog\router\index.js:71:21
    at Layer.handle [as handle_request] (E:\personal\blog\node_modules\express\lib\router\layer.js:95:5)
    at next (E:\personal\blog\node_modules\express\lib\router\route.js:131:13)
    at Route.dispatch (E:\personal\blog\node_modules\express\lib\router\route.js:112:3)
    at Layer.handle [as handle_request] (E:\personal\blog\node_modules\express\lib\router\layer.js:95:5)
    at E:\personal\blog\node_modules\express\lib\router\index.js:277:22
    at param (E:\personal\blog\node_modules\express\lib\router\index.js:349:14)
    at param (E:\personal\blog\node_modules\express\lib\router\index.js:365:14)
    at Function.process_params (E:\personal\blog\node_modules\express\lib\router\index.js:410:3)
    at next (E:\personal\blog\node_modules\express\lib\router\index.js:271:10)
    at Function.handle (E:\personal\blog\node_modules\express\lib\router\index.js:176:3)
    at router (E:\personal\blog\node_modules\express\lib\router\index.js:46:12)
[Wed Jun 22 2016 16:42:12 GMT+0800 (China Standard Time)] /logo.png
Error: Cannot find module '../controllers/logo.png'
    at Function.Module._resolveFilename (module.js:438:15)
    at Function.Module._load (module.js:386:25)
    at Module.require (module.js:466:17)
    at require (internal/module.js:20:19)
    at E:\personal\blog\router\index.js:71:21
    at Layer.handle [as handle_request] (E:\personal\blog\node_modules\express\lib\router\layer.js:95:5)
    at next (E:\personal\blog\node_modules\express\lib\router\route.js:131:13)
    at Route.dispatch (E:\personal\blog\node_modules\express\lib\router\route.js:112:3)
    at Layer.handle [as handle_request] (E:\personal\blog\node_modules\express\lib\router\layer.js:95:5)
    at E:\personal\blog\node_modules\express\lib\router\index.js:277:22
    at param (E:\personal\blog\node_modules\express\lib\router\index.js:349:14)
    at param (E:\personal\blog\node_modules\express\lib\router\index.js:365:14)
    at Function.process_params (E:\personal\blog\node_modules\express\lib\router\index.js:410:3)
    at next (E:\personal\blog\node_modules\express\lib\router\index.js:271:10)
    at Function.handle (E:\personal\blog\node_modules\express\lib\router\index.js:176:3)
    at router (E:\personal\blog\node_modules\express\lib\router\index.js:46:12)
[Wed Jun 22 2016 16:42:13 GMT+0800 (China Standard Time)] /logo.png
Error: Cannot find module '../controllers/logo.png'
    at Function.Module._resolveFilename (module.js:438:15)
    at Function.Module._load (module.js:386:25)
    at Module.require (module.js:466:17)
    at require (internal/module.js:20:19)
    at E:\personal\blog\router\index.js:71:21
    at Layer.handle [as handle_request] (E:\personal\blog\node_modules\express\lib\router\layer.js:95:5)
    at next (E:\personal\blog\node_modules\express\lib\router\route.js:131:13)
    at Route.dispatch (E:\personal\blog\node_modules\express\lib\router\route.js:112:3)
    at Layer.handle [as handle_request] (E:\personal\blog\node_modules\express\lib\router\layer.js:95:5)
    at E:\personal\blog\node_modules\express\lib\router\index.js:277:22
    at param (E:\personal\blog\node_modules\express\lib\router\index.js:349:14)
    at param (E:\personal\blog\node_modules\express\lib\router\index.js:365:14)
    at Function.process_params (E:\personal\blog\node_modules\express\lib\router\index.js:410:3)
    at next (E:\personal\blog\node_modules\express\lib\router\index.js:271:10)
    at Function.handle (E:\personal\blog\node_modules\express\lib\router\index.js:176:3)
    at router (E:\personal\blog\node_modules\express\lib\router\index.js:46:12)
[Wed Jun 22 2016 16:42:13 GMT+0800 (China Standard Time)] /logo.png
Error: Cannot find module '../controllers/logo.png'
    at Function.Module._resolveFilename (module.js:438:15)
    at Function.Module._load (module.js:386:25)
    at Module.require (module.js:466:17)
    at require (internal/module.js:20:19)
    at E:\personal\blog\router\index.js:71:21
    at Layer.handle [as handle_request] (E:\personal\blog\node_modules\express\lib\router\layer.js:95:5)
    at next (E:\personal\blog\node_modules\express\lib\router\route.js:131:13)
    at Route.dispatch (E:\personal\blog\node_modules\express\lib\router\route.js:112:3)
    at Layer.handle [as handle_request] (E:\personal\blog\node_modules\express\lib\router\layer.js:95:5)
    at E:\personal\blog\node_modules\express\lib\router\index.js:277:22
    at param (E:\personal\blog\node_modules\express\lib\router\index.js:349:14)
    at param (E:\personal\blog\node_modules\express\lib\router\index.js:365:14)
    at Function.process_params (E:\personal\blog\node_modules\express\lib\router\index.js:410:3)
    at next (E:\personal\blog\node_modules\express\lib\router\index.js:271:10)
    at Function.handle (E:\personal\blog\node_modules\express\lib\router\index.js:176:3)
    at router (E:\personal\blog\node_modules\express\lib\router\index.js:46:12)
[Wed Jun 22 2016 16:51:11 GMT+0800 (China Standard Time)] /dd.js
Error: Cannot find module '../controllers/dd.js'
    at Function.Module._resolveFilename (module.js:438:15)
    at Function.Module._load (module.js:386:25)
    at Module.require (module.js:466:17)
    at require (internal/module.js:20:19)
    at E:\personal\blog\router\index.js:71:21
    at Layer.handle [as handle_request] (E:\personal\blog\node_modules\express\lib\router\layer.js:95:5)
    at next (E:\personal\blog\node_modules\express\lib\router\route.js:131:13)
    at Route.dispatch (E:\personal\blog\node_modules\express\lib\router\route.js:112:3)
    at Layer.handle [as handle_request] (E:\personal\blog\node_modules\express\lib\router\layer.js:95:5)
    at E:\personal\blog\node_modules\express\lib\router\index.js:277:22
    at param (E:\personal\blog\node_modules\express\lib\router\index.js:349:14)
    at param (E:\personal\blog\node_modules\express\lib\router\index.js:365:14)
    at Function.process_params (E:\personal\blog\node_modules\express\lib\router\index.js:410:3)
    at next (E:\personal\blog\node_modules\express\lib\router\index.js:271:10)
    at Function.handle (E:\personal\blog\node_modules\express\lib\router\index.js:176:3)
    at router (E:\personal\blog\node_modules\express\lib\router\index.js:46:12)
[Wed Jun 22 2016 16:52:31 GMT+0800 (China Standard Time)] /dd.js
Error: Cannot find module '../controllers/dd.js'
    at Function.Module._resolveFilename (module.js:438:15)
    at Function.Module._load (module.js:386:25)
    at Module.require (module.js:466:17)
    at require (internal/module.js:20:19)
    at E:\personal\blog\router\index.js:71:21
    at Layer.handle [as handle_request] (E:\personal\blog\node_modules\express\lib\router\layer.js:95:5)
    at next (E:\personal\blog\node_modules\express\lib\router\route.js:131:13)
    at Route.dispatch (E:\personal\blog\node_modules\express\lib\router\route.js:112:3)
    at Layer.handle [as handle_request] (E:\personal\blog\node_modules\express\lib\router\layer.js:95:5)
    at E:\personal\blog\node_modules\express\lib\router\index.js:277:22
    at param (E:\personal\blog\node_modules\express\lib\router\index.js:349:14)
    at param (E:\personal\blog\node_modules\express\lib\router\index.js:365:14)
    at Function.process_params (E:\personal\blog\node_modules\express\lib\router\index.js:410:3)
    at next (E:\personal\blog\node_modules\express\lib\router\index.js:271:10)
    at Function.handle (E:\personal\blog\node_modules\express\lib\router\index.js:176:3)
    at router (E:\personal\blog\node_modules\express\lib\router\index.js:46:12)
[Wed Jun 22 2016 16:55:34 GMT+0800 (China Standard Time)] /dd.js
TypeError: arr[1].test is not a function
    at E:\personal\blog\router\index.js:71:14
    at Layer.handle [as handle_request] (E:\personal\blog\node_modules\express\lib\router\layer.js:95:5)
    at next (E:\personal\blog\node_modules\express\lib\router\route.js:131:13)
    at Route.dispatch (E:\personal\blog\node_modules\express\lib\router\route.js:112:3)
    at Layer.handle [as handle_request] (E:\personal\blog\node_modules\express\lib\router\layer.js:95:5)
    at E:\personal\blog\node_modules\express\lib\router\index.js:277:22
    at param (E:\personal\blog\node_modules\express\lib\router\index.js:349:14)
    at param (E:\personal\blog\node_modules\express\lib\router\index.js:365:14)
    at Function.process_params (E:\personal\blog\node_modules\express\lib\router\index.js:410:3)
    at next (E:\personal\blog\node_modules\express\lib\router\index.js:271:10)
    at Function.handle (E:\personal\blog\node_modules\express\lib\router\index.js:176:3)
    at router (E:\personal\blog\node_modules\express\lib\router\index.js:46:12)
    at Layer.handle [as handle_request] (E:\personal\blog\node_modules\express\lib\router\layer.js:95:5)
    at trim_prefix (E:\personal\blog\node_modules\express\lib\router\index.js:312:13)
    at E:\personal\blog\node_modules\express\lib\router\index.js:280:7
    at Function.process_params (E:\personal\blog\node_modules\express\lib\router\index.js:330:12)
[Wed Jun 22 2016 16:56:16 GMT+0800 (China Standard Time)] /dd.js
TypeError: arr[1].test is not a function
    at E:\personal\blog\router\index.js:71:22
    at Layer.handle [as handle_request] (E:\personal\blog\node_modules\express\lib\router\layer.js:95:5)
    at next (E:\personal\blog\node_modules\express\lib\router\route.js:131:13)
    at Route.dispatch (E:\personal\blog\node_modules\express\lib\router\route.js:112:3)
    at Layer.handle [as handle_request] (E:\personal\blog\node_modules\express\lib\router\layer.js:95:5)
    at E:\personal\blog\node_modules\express\lib\router\index.js:277:22
    at param (E:\personal\blog\node_modules\express\lib\router\index.js:349:14)
    at param (E:\personal\blog\node_modules\express\lib\router\index.js:365:14)
    at Function.process_params (E:\personal\blog\node_modules\express\lib\router\index.js:410:3)
    at next (E:\personal\blog\node_modules\express\lib\router\index.js:271:10)
    at Function.handle (E:\personal\blog\node_modules\express\lib\router\index.js:176:3)
    at router (E:\personal\blog\node_modules\express\lib\router\index.js:46:12)
    at Layer.handle [as handle_request] (E:\personal\blog\node_modules\express\lib\router\layer.js:95:5)
    at trim_prefix (E:\personal\blog\node_modules\express\lib\router\index.js:312:13)
    at E:\personal\blog\node_modules\express\lib\router\index.js:280:7
    at Function.process_params (E:\personal\blog\node_modules\express\lib\router\index.js:330:12)
[Wed Jun 22 2016 16:56:17 GMT+0800 (China Standard Time)] /dd.js
TypeError: arr[1].test is not a function
    at E:\personal\blog\router\index.js:71:22
    at Layer.handle [as handle_request] (E:\personal\blog\node_modules\express\lib\router\layer.js:95:5)
    at next (E:\personal\blog\node_modules\express\lib\router\route.js:131:13)
    at Route.dispatch (E:\personal\blog\node_modules\express\lib\router\route.js:112:3)
    at Layer.handle [as handle_request] (E:\personal\blog\node_modules\express\lib\router\layer.js:95:5)
    at E:\personal\blog\node_modules\express\lib\router\index.js:277:22
    at param (E:\personal\blog\node_modules\express\lib\router\index.js:349:14)
    at param (E:\personal\blog\node_modules\express\lib\router\index.js:365:14)
    at Function.process_params (E:\personal\blog\node_modules\express\lib\router\index.js:410:3)
    at next (E:\personal\blog\node_modules\express\lib\router\index.js:271:10)
    at Function.handle (E:\personal\blog\node_modules\express\lib\router\index.js:176:3)
    at router (E:\personal\blog\node_modules\express\lib\router\index.js:46:12)
    at Layer.handle [as handle_request] (E:\personal\blog\node_modules\express\lib\router\layer.js:95:5)
    at trim_prefix (E:\personal\blog\node_modules\express\lib\router\index.js:312:13)
    at E:\personal\blog\node_modules\express\lib\router\index.js:280:7
    at Function.process_params (E:\personal\blog\node_modules\express\lib\router\index.js:330:12)
[Wed Jun 22 2016 16:56:18 GMT+0800 (China Standard Time)] /dd.js
TypeError: arr[1].test is not a function
    at E:\personal\blog\router\index.js:71:22
    at Layer.handle [as handle_request] (E:\personal\blog\node_modules\express\lib\router\layer.js:95:5)
    at next (E:\personal\blog\node_modules\express\lib\router\route.js:131:13)
    at Route.dispatch (E:\personal\blog\node_modules\express\lib\router\route.js:112:3)
    at Layer.handle [as handle_request] (E:\personal\blog\node_modules\express\lib\router\layer.js:95:5)
    at E:\personal\blog\node_modules\express\lib\router\index.js:277:22
    at param (E:\personal\blog\node_modules\express\lib\router\index.js:349:14)
    at param (E:\personal\blog\node_modules\express\lib\router\index.js:365:14)
    at Function.process_params (E:\personal\blog\node_modules\express\lib\router\index.js:410:3)
    at next (E:\personal\blog\node_modules\express\lib\router\index.js:271:10)
    at Function.handle (E:\personal\blog\node_modules\express\lib\router\index.js:176:3)
    at router (E:\personal\blog\node_modules\express\lib\router\index.js:46:12)
    at Layer.handle [as handle_request] (E:\personal\blog\node_modules\express\lib\router\layer.js:95:5)
    at trim_prefix (E:\personal\blog\node_modules\express\lib\router\index.js:312:13)
    at E:\personal\blog\node_modules\express\lib\router\index.js:280:7
    at Function.process_params (E:\personal\blog\node_modules\express\lib\router\index.js:330:12)
[Wed Jun 22 2016 16:56:19 GMT+0800 (China Standard Time)] /dd.js
TypeError: arr[1].test is not a function
    at E:\personal\blog\router\index.js:71:22
    at Layer.handle [as handle_request] (E:\personal\blog\node_modules\express\lib\router\layer.js:95:5)
    at next (E:\personal\blog\node_modules\express\lib\router\route.js:131:13)
    at Route.dispatch (E:\personal\blog\node_modules\express\lib\router\route.js:112:3)
    at Layer.handle [as handle_request] (E:\personal\blog\node_modules\express\lib\router\layer.js:95:5)
    at E:\personal\blog\node_modules\express\lib\router\index.js:277:22
    at param (E:\personal\blog\node_modules\express\lib\router\index.js:349:14)
    at param (E:\personal\blog\node_modules\express\lib\router\index.js:365:14)
    at Function.process_params (E:\personal\blog\node_modules\express\lib\router\index.js:410:3)
    at next (E:\personal\blog\node_modules\express\lib\router\index.js:271:10)
    at Function.handle (E:\personal\blog\node_modules\express\lib\router\index.js:176:3)
    at router (E:\personal\blog\node_modules\express\lib\router\index.js:46:12)
    at Layer.handle [as handle_request] (E:\personal\blog\node_modules\express\lib\router\layer.js:95:5)
    at trim_prefix (E:\personal\blog\node_modules\express\lib\router\index.js:312:13)
    at E:\personal\blog\node_modules\express\lib\router\index.js:280:7
    at Function.process_params (E:\personal\blog\node_modules\express\lib\router\index.js:330:12)
[Wed Jun 22 2016 17:03:26 GMT+0800 (China Standard Time)] /dd.js
Error: Cannot find module '../controllers/dd.js'
    at Function.Module._resolveFilename (module.js:438:15)
    at Function.Module._load (module.js:386:25)
    at Module.require (module.js:466:17)
    at require (internal/module.js:20:19)
    at E:\personal\blog\router\index.js:75:21
    at Layer.handle [as handle_request] (E:\personal\blog\node_modules\express\lib\router\layer.js:95:5)
    at next (E:\personal\blog\node_modules\express\lib\router\route.js:131:13)
    at Route.dispatch (E:\personal\blog\node_modules\express\lib\router\route.js:112:3)
    at Layer.handle [as handle_request] (E:\personal\blog\node_modules\express\lib\router\layer.js:95:5)
    at E:\personal\blog\node_modules\express\lib\router\index.js:277:22
    at param (E:\personal\blog\node_modules\express\lib\router\index.js:349:14)
    at param (E:\personal\blog\node_modules\express\lib\router\index.js:365:14)
    at Function.process_params (E:\personal\blog\node_modules\express\lib\router\index.js:410:3)
    at next (E:\personal\blog\node_modules\express\lib\router\index.js:271:10)
    at Function.handle (E:\personal\blog\node_modules\express\lib\router\index.js:176:3)
    at router (E:\personal\blog\node_modules\express\lib\router\index.js:46:12)
[Wed Jun 22 2016 17:03:39 GMT+0800 (China Standard Time)] /dd.js
Error: Cannot find module '../controllers/dd.js'
    at Function.Module._resolveFilename (module.js:438:15)
    at Function.Module._load (module.js:386:25)
    at Module.require (module.js:466:17)
    at require (internal/module.js:20:19)
    at E:\personal\blog\router\index.js:76:21
    at Layer.handle [as handle_request] (E:\personal\blog\node_modules\express\lib\router\layer.js:95:5)
    at next (E:\personal\blog\node_modules\express\lib\router\route.js:131:13)
    at Route.dispatch (E:\personal\blog\node_modules\express\lib\router\route.js:112:3)
    at Layer.handle [as handle_request] (E:\personal\blog\node_modules\express\lib\router\layer.js:95:5)
    at E:\personal\blog\node_modules\express\lib\router\index.js:277:22
    at param (E:\personal\blog\node_modules\express\lib\router\index.js:349:14)
    at param (E:\personal\blog\node_modules\express\lib\router\index.js:365:14)
    at Function.process_params (E:\personal\blog\node_modules\express\lib\router\index.js:410:3)
    at next (E:\personal\blog\node_modules\express\lib\router\index.js:271:10)
    at Function.handle (E:\personal\blog\node_modules\express\lib\router\index.js:176:3)
    at router (E:\personal\blog\node_modules\express\lib\router\index.js:46:12)
[Wed Jun 22 2016 17:06:49 GMT+0800 (China Standard Time)] /dd.js
Error: Cannot find module '../controllers/dd.js'
    at Function.Module._resolveFilename (module.js:438:15)
    at Function.Module._load (module.js:386:25)
    at Module.require (module.js:466:17)
    at require (internal/module.js:20:19)
    at E:\personal\blog\router\index.js:77:21
    at Layer.handle [as handle_request] (E:\personal\blog\node_modules\express\lib\router\layer.js:95:5)
    at next (E:\personal\blog\node_modules\express\lib\router\route.js:131:13)
    at Route.dispatch (E:\personal\blog\node_modules\express\lib\router\route.js:112:3)
    at Layer.handle [as handle_request] (E:\personal\blog\node_modules\express\lib\router\layer.js:95:5)
    at E:\personal\blog\node_modules\express\lib\router\index.js:277:22
    at param (E:\personal\blog\node_modules\express\lib\router\index.js:349:14)
    at param (E:\personal\blog\node_modules\express\lib\router\index.js:365:14)
    at Function.process_params (E:\personal\blog\node_modules\express\lib\router\index.js:410:3)
    at next (E:\personal\blog\node_modules\express\lib\router\index.js:271:10)
    at Function.handle (E:\personal\blog\node_modules\express\lib\router\index.js:176:3)
    at router (E:\personal\blog\node_modules\express\lib\router\index.js:46:12)
